<?xml version="1.0" encoding="UTF-8"?>
<!-- Generated by org.testng.reporters.JUnitReportReporter -->
<testsuite hostname="DESKTOP-1BDQC6B" name="runners.testrunnersample" tests="2" failures="0" timestamp="21 Jun 2020 07:15:54 GMT" time="23.530" errors="0">
  <testcase name="feature" time="12.181" classname="runners.testrunnersample"/>
  <testcase name="feature" time="11.349" classname="runners.testrunnersample"/>
</testsuite> <!-- runners.testrunnersample -->
